<Movie frameRate="24">
<Objects>
<Point id="GCa[0,0,0]" color="F0F0F"/>
<Point id="GCb[0,0,0]" color="F0F0F"/>
</Objects>
Starting simulation with 2 particles and 1 forces
Update force between GCa[0,0,0] and GCb[0,0,0]. (0.000000000, 0.000000000, 0.000000000)->(0.000000000, 0.000000000, 0.000000000)

Deltaspeed 0.000000 dist 1.000000 wait: 1000.000000
<Frame time="0.000">
<Update id="GCa[0,0,0]" position="0.000, 0.000, 0.000"/>
<Update id="GCb[0,0,0]" position="1.000, 0.000, 0.000"/>
</Frame>
Part GCa[0,0,0] moves at (0.000000000, 0.000000000, 0.000000000) to (0.000000075, 0.000000000, 0.000000000) at 1000.000000000)
Part GCb[0,0,0] moves at (-0.000000000, 0.000000000, 0.000000000) to (0.999999925, 0.000000000, 0.000000000) at 1000.000000000)
Update force between GCa[0,0,0] and GCb[0,0,0]. (0.000000000, 0.000000000, 0.000000000)->(0.000000000, 0.000000000, 0.000000000)

Deltaspeed 0.000000 dist 1.000000 wait: 1000.000000
<Frame time="2000.000">
Part GCa[0,0,0] moves at (0.000000000, 0.000000000, 0.000000000) to (0.000000300, 0.000000000, 0.000000000) at 2000.000000000)
<Update id="GCa[0,0,0]" position="0.000, 0.000, 0.000"/>
Part GCb[0,0,0] moves at (-0.000000000, 0.000000000, 0.000000000) to (0.999999700, 0.000000000, 0.000000000) at 2000.000000000)
<Update id="GCb[0,0,0]" position="1.000, 0.000, 0.000"/>
</Frame>
Update force between GCa[0,0,0] and GCb[0,0,0]. (0.000000000, 0.000000000, 0.000000000)->(0.000000000, 0.000000000, 0.000000000)

Deltaspeed 0.000000 dist 0.999999 wait: 1000.000000
Part GCa[0,0,0] moves at (0.000000000, 0.000000000, 0.000000000) to (0.000000675, 0.000000000, 0.000000000) at 3000.000000000)
Part GCb[0,0,0] moves at (-0.000000000, 0.000000000, 0.000000000) to (0.999999325, 0.000000000, 0.000000000) at 3000.000000000)
Update force between GCa[0,0,0] and GCb[0,0,0]. (0.000000000, 0.000000000, 0.000000000)->(0.000000000, 0.000000000, 0.000000000)

Deltaspeed 0.000000 dist 0.999999 wait: 1000.000000
</Movie>