Applying move C3 -> D2
Applying move F6 -> E5
Applying move B4 -> C3
Applying move F2 -> E3
Applying move A5 -> B4
Applying move G7 -> F6
Applying move C7 -> D8
Applying move F6 -> E7
Applying move D8 -> F6
Applying move G5 -> E7
Applying move C3 -> D4
Applying move E5 -> C3 -> A5
Applying move D2 -> E1
Applying move A5 -> C7
Applying move B8 -> D6
Applying move H4 -> G5
Applying move C1 -> D2
Applying move E3 -> C1
Applying move A7 -> B8
Applying move E7 -> D8

Undoing move E7 -> D8
Undoing move A7 -> B8
Undoing move E3 -> C1
Undoing move C1 -> D2
Undoing move H4 -> G5
Undoing move B8 -> D6
Undoing move A5 -> C7
Undoing move D2 -> E1
Undoing move E5 -> C3 -> A5
Undoing move C3 -> D4
Undoing move G5 -> E7
Undoing move D8 -> F6
Undoing move F6 -> E7
Undoing move C7 -> D8
Undoing move G7 -> F6
Undoing move A5 -> B4
