





   . 

  . . 

  . . 

 . W W 

 B W B 

 B B . 

B W B B 

W B B W 

W W W B 

W B W . 

Black's move

All Moves: 
Play at [0, 0]                          Play at [0, 0] taking [0, 0]           
Play at [0, 0] taking [0, 0] and [0, 0] Play at [0, 0] taking [0, 0] and [1, 0]
Play at [0, 0] taking [0, 0] and [1, 2] Play at [0, 0] taking [0, 0] and [2, 0]
Play at [0, 0] taking [0, 0] and [2, 1] Play at [0, 0] taking [1, 0]           
Play at [0, 0] taking [1, 0] and [1, 2] Play at [0, 0] taking [1, 0] and [2, 0]
Play at [0, 0] taking [1, 0] and [2, 1] Play at [0, 0] taking [1, 2]           
Play at [0, 0] taking [1, 2] and [2, 0] Play at [0, 0] taking [1, 2] and [2, 1]
Play at [0, 0] taking [1, 2] and [2, 3] Play at [0, 0] taking [2, 0]           
Play at [0, 0] taking [2, 0] and [2, 1] Play at [0, 0] taking [2, 1]           
Play at [0, 1]                          Promote from [0, 0] to [0, 1]          
Promote from [1, 0] to [0, 1]           Promote from [2, 0] to [0, 1]          
Promote from [2, 1] to [0, 1]           Play at [1, 0]                         
Promote from [0, 0] to [1, 0]           Promote from [1, 2] to [1, 0]          
Play at [3, 3]                         

